[INFO] Scanning for projects...
[INFO] 
[INFO] ----------------------< com.clothingstore:store >-----------------------
[INFO] Building store 0.0.1-SNAPSHOT
[INFO]   from pom.xml
[INFO] --------------------------------[ jar ]---------------------------------
[INFO] 
[INFO] >>> spring-boot:3.5.0:run (default-cli) > test-compile @ store >>>
[INFO] 
[INFO] --- resources:3.3.1:resources (default-resources) @ store ---
[INFO] Copying 1 resource from src/main/resources to target/classes
[INFO] Copying 1 resource from src/main/resources to target/classes
[INFO] 
[INFO] --- compiler:3.14.0:compile (default-compile) @ store ---
[INFO] Recompiling the module because of changed source code.
[INFO] Compiling 4 source files with javac [debug parameters release 17] to target/classes
[INFO] 
[INFO] --- resources:3.3.1:testResources (default-testResources) @ store ---
[INFO] skip non existing resourceDirectory /Users/igorrusakov/Desktop/store/src/test/resources
[INFO] 
[INFO] --- compiler:3.14.0:testCompile (default-testCompile) @ store ---
[INFO] Recompiling the module because of changed dependency.
[INFO] Compiling 1 source file with javac [debug parameters release 17] to target/test-classes
[INFO] 
[INFO] <<< spring-boot:3.5.0:run (default-cli) < test-compile @ store <<<
[INFO] 
[INFO] 
[INFO] --- spring-boot:3.5.0:run (default-cli) @ store ---
[INFO] Attaching agents: []

  .   ____          _            __ _ _
 /\\ / ___'_ __ _ _(_)_ __  __ _ \ \ \ \
( ( )\___ | '_ | '_| | '_ \/ _` | \ \ \ \
 \\/  ___)| |_)| | | | | || (_| |  ) ) ) )
  '  |____| .__|_| |_|_| |_\__, | / / / /
 =========|_|==============|___/=/_/_/_/

 :: Spring Boot ::                (v3.5.0)

2025-06-04T11:19:55.963+04:00  INFO 5346 --- [store] [           main] c.clothingstore.store.StoreApplication   : Starting StoreApplication using Java 23.0.1 with PID 5346 (/Users/igorrusakov/Desktop/store/target/classes started by igorrusakov in /Users/igorrusakov/Desktop/store)
2025-06-04T11:19:55.964+04:00  INFO 5346 --- [store] [           main] c.clothingstore.store.StoreApplication   : No active profile set, falling back to 1 default profile: "default"
2025-06-04T11:19:56.207+04:00  INFO 5346 --- [store] [           main] .s.d.r.c.RepositoryConfigurationDelegate : Bootstrapping Spring Data JPA repositories in DEFAULT mode.
2025-06-04T11:19:56.227+04:00  INFO 5346 --- [store] [           main] .s.d.r.c.RepositoryConfigurationDelegate : Finished Spring Data repository scanning in 17 ms. Found 1 JPA repository interface.
2025-06-04T11:19:56.403+04:00  INFO 5346 --- [store] [           main] o.s.b.w.embedded.tomcat.TomcatWebServer  : Tomcat initialized with port 8080 (http)
2025-06-04T11:19:56.410+04:00  INFO 5346 --- [store] [           main] o.apache.catalina.core.StandardService   : Starting service [Tomcat]
2025-06-04T11:19:56.410+04:00  INFO 5346 --- [store] [           main] o.apache.catalina.core.StandardEngine    : Starting Servlet engine: [Apache Tomcat/10.1.41]
2025-06-04T11:19:56.431+04:00  INFO 5346 --- [store] [           main] o.a.c.c.C.[Tomcat].[localhost].[/]       : Initializing Spring embedded WebApplicationContext
2025-06-04T11:19:56.431+04:00  INFO 5346 --- [store] [           main] w.s.c.ServletWebServerApplicationContext : Root WebApplicationContext: initialization completed in 448 ms
2025-06-04T11:19:56.479+04:00  INFO 5346 --- [store] [           main] com.zaxxer.hikari.HikariDataSource       : HikariPool-1 - Starting...
2025-06-04T11:19:56.556+04:00  INFO 5346 --- [store] [           main] com.zaxxer.hikari.pool.HikariPool        : HikariPool-1 - Added connection conn0: url=jdbc:h2:mem:testdb user=SA
2025-06-04T11:19:56.556+04:00  INFO 5346 --- [store] [           main] com.zaxxer.hikari.HikariDataSource       : HikariPool-1 - Start completed.
2025-06-04T11:19:56.567+04:00  WARN 5346 --- [store] [           main] ConfigServletWebServerApplicationContext : Exception encountered during context initialization - cancelling refresh attempt: org.springframework.beans.factory.BeanCreationException: Error creating bean with name 'entityManagerFactory' defined in class path resource [org/springframework/boot/autoconfigure/orm/jpa/HibernateJpaConfiguration.class]: Failed to initialize dependency 'dataSourceScriptDatabaseInitializer' of LoadTimeWeaverAware bean 'entityManagerFactory': Error creating bean with name 'dataSourceScriptDatabaseInitializer' defined in class path resource [org/springframework/boot/autoconfigure/sql/init/DataSourceInitializationConfiguration.class]: Failed to execute SQL script statement #1 of file [/Users/igorrusakov/Desktop/store/target/classes/data.sql]: INSERT INTO product (name, description, price) VALUES ('Футболка "Classic"', 'Белая хлопковая', 1599.99), ('Футболка "Urban Style"', 'Черная с принтом', 2199.99), ('Кроссовки "AirStep"', 'Беговые ультра легкие', 7999.99), ('Кроссовки "Runner"', 'Беговые с амортизацией', 5999.99), ('Кроссовки "StreetFly"', 'Городской стиль', 2799.99)
2025-06-04T11:19:56.567+04:00  INFO 5346 --- [store] [           main] com.zaxxer.hikari.HikariDataSource       : HikariPool-1 - Shutdown initiated...
2025-06-04T11:19:56.568+04:00  INFO 5346 --- [store] [           main] com.zaxxer.hikari.HikariDataSource       : HikariPool-1 - Shutdown completed.
2025-06-04T11:19:56.569+04:00  INFO 5346 --- [store] [           main] o.apache.catalina.core.StandardService   : Stopping service [Tomcat]
2025-06-04T11:19:56.574+04:00  INFO 5346 --- [store] [           main] .s.b.a.l.ConditionEvaluationReportLogger : 

Error starting ApplicationContext. To display the condition evaluation report re-run your application with 'debug' enabled.
2025-06-04T11:19:56.580+04:00 ERROR 5346 --- [store] [           main] o.s.boot.SpringApplication               : Application run failed

org.springframework.beans.factory.BeanCreationException: Error creating bean with name 'entityManagerFactory' defined in class path resource [org/springframework/boot/autoconfigure/orm/jpa/HibernateJpaConfiguration.class]: Failed to initialize dependency 'dataSourceScriptDatabaseInitializer' of LoadTimeWeaverAware bean 'entityManagerFactory': Error creating bean with name 'dataSourceScriptDatabaseInitializer' defined in class path resource [org/springframework/boot/autoconfigure/sql/init/DataSourceInitializationConfiguration.class]: Failed to execute SQL script statement #1 of file [/Users/igorrusakov/Desktop/store/target/classes/data.sql]: INSERT INTO product (name, description, price) VALUES ('Футболка "Classic"', 'Белая хлопковая', 1599.99), ('Футболка "Urban Style"', 'Черная с принтом', 2199.99), ('Кроссовки "AirStep"', 'Беговые ультра легкие', 7999.99), ('Кроссовки "Runner"', 'Беговые с амортизацией', 5999.99), ('Кроссовки "StreetFly"', 'Городской стиль', 2799.99)
	at org.springframework.beans.factory.support.AbstractBeanFactory.doGetBean(AbstractBeanFactory.java:328) ~[spring-beans-6.2.7.jar:6.2.7]
	at org.springframework.beans.factory.support.AbstractBeanFactory.getBean(AbstractBeanFactory.java:207) ~[spring-beans-6.2.7.jar:6.2.7]
	at org.springframework.context.support.AbstractApplicationContext.finishBeanFactoryInitialization(AbstractApplicationContext.java:970) ~[spring-context-6.2.7.jar:6.2.7]
	at org.springframework.context.support.AbstractApplicationContext.refresh(AbstractApplicationContext.java:627) ~[spring-context-6.2.7.jar:6.2.7]
	at org.springframework.boot.web.servlet.context.ServletWebServerApplicationContext.refresh(ServletWebServerApplicationContext.java:146) ~[spring-boot-3.5.0.jar:3.5.0]
	at org.springframework.boot.SpringApplication.refresh(SpringApplication.java:753) ~[spring-boot-3.5.0.jar:3.5.0]
	at org.springframework.boot.SpringApplication.refreshContext(SpringApplication.java:439) ~[spring-boot-3.5.0.jar:3.5.0]
	at org.springframework.boot.SpringApplication.run(SpringApplication.java:318) ~[spring-boot-3.5.0.jar:3.5.0]
	at org.springframework.boot.SpringApplication.run(SpringApplication.java:1362) ~[spring-boot-3.5.0.jar:3.5.0]
	at org.springframework.boot.SpringApplication.run(SpringApplication.java:1351) ~[spring-boot-3.5.0.jar:3.5.0]
	at com.clothingstore.store.StoreApplication.main(StoreApplication.java:10) ~[classes/:na]
Caused by: org.springframework.beans.factory.BeanCreationException: Error creating bean with name 'dataSourceScriptDatabaseInitializer' defined in class path resource [org/springframework/boot/autoconfigure/sql/init/DataSourceInitializationConfiguration.class]: Failed to execute SQL script statement #1 of file [/Users/igorrusakov/Desktop/store/target/classes/data.sql]: INSERT INTO product (name, description, price) VALUES ('Футболка "Classic"', 'Белая хлопковая', 1599.99), ('Футболка "Urban Style"', 'Черная с принтом', 2199.99), ('Кроссовки "AirStep"', 'Беговые ультра легкие', 7999.99), ('Кроссовки "Runner"', 'Беговые с амортизацией', 5999.99), ('Кроссовки "StreetFly"', 'Городской стиль', 2799.99)
	at org.springframework.beans.factory.support.AbstractAutowireCapableBeanFactory.initializeBean(AbstractAutowireCapableBeanFactory.java:1826) ~[spring-beans-6.2.7.jar:6.2.7]
	at org.springframework.beans.factory.support.AbstractAutowireCapableBeanFactory.doCreateBean(AbstractAutowireCapableBeanFactory.java:607) ~[spring-beans-6.2.7.jar:6.2.7]
	at org.springframework.beans.factory.support.AbstractAutowireCapableBeanFactory.createBean(AbstractAutowireCapableBeanFactory.java:529) ~[spring-beans-6.2.7.jar:6.2.7]
	at org.springframework.beans.factory.support.AbstractBeanFactory.lambda$doGetBean$0(AbstractBeanFactory.java:339) ~[spring-beans-6.2.7.jar:6.2.7]
	at org.springframework.beans.factory.support.DefaultSingletonBeanRegistry.getSingleton(DefaultSingletonBeanRegistry.java:373) ~[spring-beans-6.2.7.jar:6.2.7]
	at org.springframework.beans.factory.support.AbstractBeanFactory.doGetBean(AbstractBeanFactory.java:337) ~[spring-beans-6.2.7.jar:6.2.7]
	at org.springframework.beans.factory.support.AbstractBeanFactory.getBean(AbstractBeanFactory.java:202) ~[spring-beans-6.2.7.jar:6.2.7]
	at org.springframework.beans.factory.support.AbstractBeanFactory.doGetBean(AbstractBeanFactory.java:315) ~[spring-beans-6.2.7.jar:6.2.7]
	... 10 common frames omitted
Caused by: org.springframework.jdbc.datasource.init.ScriptStatementFailedException: Failed to execute SQL script statement #1 of file [/Users/igorrusakov/Desktop/store/target/classes/data.sql]: INSERT INTO product (name, description, price) VALUES ('Футболка "Classic"', 'Белая хлопковая', 1599.99), ('Футболка "Urban Style"', 'Черная с принтом', 2199.99), ('Кроссовки "AirStep"', 'Беговые ультра легкие', 7999.99), ('Кроссовки "Runner"', 'Беговые с амортизацией', 5999.99), ('Кроссовки "StreetFly"', 'Городской стиль', 2799.99)
	at org.springframework.jdbc.datasource.init.ScriptUtils.executeSqlScript(ScriptUtils.java:282) ~[spring-jdbc-6.2.7.jar:6.2.7]
	at org.springframework.jdbc.datasource.init.ResourceDatabasePopulator.populate(ResourceDatabasePopulator.java:254) ~[spring-jdbc-6.2.7.jar:6.2.7]
	at org.springframework.jdbc.datasource.init.DatabasePopulatorUtils.execute(DatabasePopulatorUtils.java:54) ~[spring-jdbc-6.2.7.jar:6.2.7]
	at org.springframework.boot.jdbc.init.DataSourceScriptDatabaseInitializer.runScripts(DataSourceScriptDatabaseInitializer.java:87) ~[spring-boot-3.5.0.jar:3.5.0]
	at org.springframework.boot.sql.init.AbstractScriptDatabaseInitializer.runScripts(AbstractScriptDatabaseInitializer.java:146) ~[spring-boot-3.5.0.jar:3.5.0]
	at org.springframework.boot.sql.init.AbstractScriptDatabaseInitializer.applyScripts(AbstractScriptDatabaseInitializer.java:108) ~[spring-boot-3.5.0.jar:3.5.0]
	at org.springframework.boot.sql.init.AbstractScriptDatabaseInitializer.applyDataScripts(AbstractScriptDatabaseInitializer.java:102) ~[spring-boot-3.5.0.jar:3.5.0]
	at org.springframework.boot.sql.init.AbstractScriptDatabaseInitializer.initializeDatabase(AbstractScriptDatabaseInitializer.java:77) ~[spring-boot-3.5.0.jar:3.5.0]
	at org.springframework.boot.sql.init.AbstractScriptDatabaseInitializer.afterPropertiesSet(AbstractScriptDatabaseInitializer.java:66) ~[spring-boot-3.5.0.jar:3.5.0]
	at org.springframework.beans.factory.support.AbstractAutowireCapableBeanFactory.invokeInitMethods(AbstractAutowireCapableBeanFactory.java:1873) ~[spring-beans-6.2.7.jar:6.2.7]
	at org.springframework.beans.factory.support.AbstractAutowireCapableBeanFactory.initializeBean(AbstractAutowireCapableBeanFactory.java:1822) ~[spring-beans-6.2.7.jar:6.2.7]
	... 17 common frames omitted
Caused by: org.h2.jdbc.JdbcSQLSyntaxErrorException: Table "PRODUCT" not found (this database is empty); SQL statement:
INSERT INTO product (name, description, price) VALUES ('Футболка "Classic"', 'Белая хлопковая', 1599.99), ('Футболка "Urban Style"', 'Черная с принтом', 2199.99), ('Кроссовки "AirStep"', 'Беговые ультра легкие', 7999.99), ('Кроссовки "Runner"', 'Беговые с амортизацией', 5999.99), ('Кроссовки "StreetFly"', 'Городской стиль', 2799.99) [42104-232]
	at org.h2.message.DbException.getJdbcSQLException(DbException.java:514) ~[h2-2.3.232.jar:2.3.232]
	at org.h2.message.DbException.getJdbcSQLException(DbException.java:489) ~[h2-2.3.232.jar:2.3.232]
	at org.h2.message.DbException.get(DbException.java:223) ~[h2-2.3.232.jar:2.3.232]
	at org.h2.message.DbException.get(DbException.java:199) ~[h2-2.3.232.jar:2.3.232]
	at org.h2.command.Parser.getTableOrViewNotFoundDbException(Parser.java:7932) ~[h2-2.3.232.jar:2.3.232]
	at org.h2.command.Parser.getTableOrViewNotFoundDbException(Parser.java:7916) ~[h2-2.3.232.jar:2.3.232]
	at org.h2.command.Parser.readTableOrView(Parser.java:7895) ~[h2-2.3.232.jar:2.3.232]
	at org.h2.command.Parser.readTableOrView(Parser.java:7857) ~[h2-2.3.232.jar:2.3.232]
	at org.h2.command.Parser.parseInsert(Parser.java:1521) ~[h2-2.3.232.jar:2.3.232]
	at org.h2.command.Parser.parsePrepared(Parser.java:698) ~[h2-2.3.232.jar:2.3.232]
	at org.h2.command.Parser.parse(Parser.java:581) ~[h2-2.3.232.jar:2.3.232]
	at org.h2.command.Parser.parse(Parser.java:556) ~[h2-2.3.232.jar:2.3.232]
	at org.h2.command.Parser.prepareCommand(Parser.java:484) ~[h2-2.3.232.jar:2.3.232]
	at org.h2.engine.SessionLocal.prepareLocal(SessionLocal.java:645) ~[h2-2.3.232.jar:2.3.232]
	at org.h2.engine.SessionLocal.prepareCommand(SessionLocal.java:561) ~[h2-2.3.232.jar:2.3.232]
	at org.h2.jdbc.JdbcConnection.prepareCommand(JdbcConnection.java:1164) ~[h2-2.3.232.jar:2.3.232]
	at org.h2.jdbc.JdbcStatement.executeInternal(JdbcStatement.java:245) ~[h2-2.3.232.jar:2.3.232]
	at org.h2.jdbc.JdbcStatement.execute(JdbcStatement.java:231) ~[h2-2.3.232.jar:2.3.232]
	at com.zaxxer.hikari.pool.ProxyStatement.execute(ProxyStatement.java:95) ~[HikariCP-6.3.0.jar:na]
	at com.zaxxer.hikari.pool.HikariProxyStatement.execute(HikariProxyStatement.java) ~[HikariCP-6.3.0.jar:na]
	at org.springframework.jdbc.datasource.init.ScriptUtils.executeSqlScript(ScriptUtils.java:261) ~[spring-jdbc-6.2.7.jar:6.2.7]
	... 27 common frames omitted

[INFO] ------------------------------------------------------------------------
[INFO] BUILD FAILURE
[INFO] ------------------------------------------------------------------------
[INFO] Total time:  2.188 s
[INFO] Finished at: 2025-06-04T11:19:56+04:00
[INFO] ------------------------------------------------------------------------
[ERROR] Failed to execute goal org.springframework.boot:spring-boot-maven-plugin:3.5.0:run (default-cli) on project store: Process terminated with exit code: 1 -> [Help 1]
[ERROR] 
[ERROR] To see the full stack trace of the errors, re-run Maven with the -e switch.
[ERROR] Re-run Maven using the -X switch to enable full debug logging.
[ERROR] 
[ERROR] For more information about the errors and possible solutions, please read the following articles:
[ERROR] [Help 1] http://cwiki.apache.org/confluence/display/MAVEN/MojoExecutionException
